{"name": "login flow", "status": "failed", "statusDetails": {"message": "Failed: Test failed, see details:", "trace": "self = <selenium_automation.lesson11.test_allure.Test_Allure_Report object at 0x000001DC530C7970>\n\n    @allure.title(\"login flow\")\n    @allure.description(\"Test login\")\n    def test_verify_login(self):\n        try:\n            self.step_login()\n>           self.verify_login()\n\ntest_allure.py:29: \n_ _ _ _ _ _ _ _ _ _ _ _ _ _ _ _ _ _ _ _ _ _ _ _ _ _ _ _ _ _ _ _ _ _ _ _ _ _ _ _ _ _ _ _ _ _ _ _ _ _ _ _ _ _ _ _ _ _ _ _ _ _ _ _ _ _ _ _ _ _ _ _ _ _ _ _ \n\na = (<selenium_automation.lesson11.test_allure.Test_Allure_Report object at 0x000001DC530C7970>,), kw = {}, __tracebackhide__ = True\nparams = OrderedDict(), args = ['<selenium_automation.lesson11.test_allure.Test_Allure_Report object at 0x000001DC530C7970>']\n\n    @wraps(func)\n    def impl(*a, **kw):\n        __tracebackhide__ = True\n        params = func_parameters(func, *a, **kw)\n        args = list(map(lambda x: represent(x), a))\n        with StepContext(self.title.format(*args, **params), params):\n>           return func(*a, **kw)\n\nc:\\automation\\test_automation\\lib\\site-packages\\allure_commons\\_allure.py:172: \n_ _ _ _ _ _ _ _ _ _ _ _ _ _ _ _ _ _ _ _ _ _ _ _ _ _ _ _ _ _ _ _ _ _ _ _ _ _ _ _ _ _ _ _ _ _ _ _ _ _ _ _ _ _ _ _ _ _ _ _ _ _ _ _ _ _ _ _ _ _ _ _ _ _ _ _ \n\nself = <selenium_automation.lesson11.test_allure.Test_Allure_Report object at 0x000001DC530C7970>\n\n    @allure.step(\"verify title\")\n    def verify_login(self):\n>       assert driver.find_element(By.CLASS_NAME, \"content-header\").is_displayed()\n\ntest_allure.py:46: \n_ _ _ _ _ _ _ _ _ _ _ _ _ _ _ _ _ _ _ _ _ _ _ _ _ _ _ _ _ _ _ _ _ _ _ _ _ _ _ _ _ _ _ _ _ _ _ _ _ _ _ _ _ _ _ _ _ _ _ _ _ _ _ _ _ _ _ _ _ _ _ _ _ _ _ _ \n\nself = <selenium.webdriver.chrome.webdriver.WebDriver (session=\"343e2399fdc5f27a93d13df29b93bacc\")>, by = 'css selector', value = '.content-header'\n\n    def find_element(self, by=By.ID, value=None) -> WebElement:\n        \"\"\"\n        Find an element given a By strategy and locator.\n    \n        :Usage:\n            ::\n    \n                element = driver.find_element(By.ID, 'foo')\n    \n        :rtype: WebElement\n        \"\"\"\n        if isinstance(by, RelativeBy):\n            return self.find_elements(by=by, value=value)[0]\n    \n        if by == By.ID:\n            by = By.CSS_SELECTOR\n            value = '[id=\"%s\"]' % value\n        elif by == By.TAG_NAME:\n            by = By.CSS_SELECTOR\n        elif by == By.CLASS_NAME:\n            by = By.CSS_SELECTOR\n            value = \".%s\" % value\n        elif by == By.NAME:\n            by = By.CSS_SELECTOR\n            value = '[name=\"%s\"]' % value\n    \n>       return self.execute(Command.FIND_ELEMENT, {\n            'using': by,\n            'value': value})['value']\n\nc:\\automation\\test_automation\\lib\\site-packages\\selenium\\webdriver\\remote\\webdriver.py:1244: \n_ _ _ _ _ _ _ _ _ _ _ _ _ _ _ _ _ _ _ _ _ _ _ _ _ _ _ _ _ _ _ _ _ _ _ _ _ _ _ _ _ _ _ _ _ _ _ _ _ _ _ _ _ _ _ _ _ _ _ _ _ _ _ _ _ _ _ _ _ _ _ _ _ _ _ _ \n\nself = <selenium.webdriver.chrome.webdriver.WebDriver (session=\"343e2399fdc5f27a93d13df29b93bacc\")>, driver_command = 'findElement'\nparams = {'using': 'css selector', 'value': '.content-header'}\n\n    def execute(self, driver_command: str, params: dict = None) -> dict:\n        \"\"\"\n        Sends a command to be executed by a command.CommandExecutor.\n    \n        :Args:\n         - driver_command: The name of the command to execute as a string.\n         - params: A dictionary of named parameters to send with the command.\n    \n        :Returns:\n          The command's JSON response loaded into a dictionary object.\n        \"\"\"\n        if self.session_id:\n            if not params:\n                params = {'sessionId': self.session_id}\n            elif 'sessionId' not in params:\n                params['sessionId'] = self.session_id\n    \n        params = self._wrap_value(params)\n        response = self.command_executor.execute(driver_command, params)\n        if response:\n>           self.error_handler.check_response(response)\n\nc:\\automation\\test_automation\\lib\\site-packages\\selenium\\webdriver\\remote\\webdriver.py:424: \n_ _ _ _ _ _ _ _ _ _ _ _ _ _ _ _ _ _ _ _ _ _ _ _ _ _ _ _ _ _ _ _ _ _ _ _ _ _ _ _ _ _ _ _ _ _ _ _ _ _ _ _ _ _ _ _ _ _ _ _ _ _ _ _ _ _ _ _ _ _ _ _ _ _ _ _ \n\nself = <selenium.webdriver.remote.errorhandler.ErrorHandler object at 0x000001DC530C7DF0>\nresponse = {'status': 404, 'value': '{\"value\":{\"error\":\"no such element\",\"message\":\"no such element: Unable to locate element: {\\...\\n\\\\tRtlGetAppContainerNamedObjectPath [0x778A7A9E+286]\\\\n\\\\tRtlGetAppContainerNamedObjectPath [0x778A7A6E+238]\\\\n\"}}'}\n\n    def check_response(self, response: Dict[str, Any]) -> None:\n        \"\"\"\n        Checks that a JSON response from the WebDriver does not have an error.\n    \n        :Args:\n         - response - The JSON response from the WebDriver server as a dictionary\n           object.\n    \n        :Raises: If the response contains an error message.\n        \"\"\"\n        status = response.get('status', None)\n        if not status or status == ErrorCode.SUCCESS:\n            return\n        value = None\n        message = response.get(\"message\", \"\")\n        screen: str = response.get(\"screen\", \"\")\n        stacktrace = None\n        if isinstance(status, int):\n            value_json = response.get('value', None)\n            if value_json and isinstance(value_json, str):\n                import json\n                try:\n                    value = json.loads(value_json)\n                    if len(value.keys()) == 1:\n                        value = value['value']\n                    status = value.get('error', None)\n                    if not status:\n                        status = value.get(\"status\", ErrorCode.UNKNOWN_ERROR)\n                        message = value.get(\"value\") or value.get(\"message\")\n                        if not isinstance(message, str):\n                            value = message\n                            message = message.get('message')\n                    else:\n                        message = value.get('message', None)\n                except ValueError:\n                    pass\n    \n        exception_class: Type[WebDriverException]\n        if status in ErrorCode.NO_SUCH_ELEMENT:\n            exception_class = NoSuchElementException\n        elif status in ErrorCode.NO_SUCH_FRAME:\n            exception_class = NoSuchFrameException\n        elif status in ErrorCode.NO_SUCH_SHADOW_ROOT:\n            exception_class = NoSuchShadowRootException\n        elif status in ErrorCode.NO_SUCH_WINDOW:\n            exception_class = NoSuchWindowException\n        elif status in ErrorCode.STALE_ELEMENT_REFERENCE:\n            exception_class = StaleElementReferenceException\n        elif status in ErrorCode.ELEMENT_NOT_VISIBLE:\n            exception_class = ElementNotVisibleException\n        elif status in ErrorCode.INVALID_ELEMENT_STATE:\n            exception_class = InvalidElementStateException\n        elif status in ErrorCode.INVALID_SELECTOR \\\n                or status in ErrorCode.INVALID_XPATH_SELECTOR \\\n                or status in ErrorCode.INVALID_XPATH_SELECTOR_RETURN_TYPER:\n            exception_class = InvalidSelectorException\n        elif status in ErrorCode.ELEMENT_IS_NOT_SELECTABLE:\n            exception_class = ElementNotSelectableException\n        elif status in ErrorCode.ELEMENT_NOT_INTERACTABLE:\n            exception_class = ElementNotInteractableException\n        elif status in ErrorCode.INVALID_COOKIE_DOMAIN:\n            exception_class = InvalidCookieDomainException\n        elif status in ErrorCode.UNABLE_TO_SET_COOKIE:\n            exception_class = UnableToSetCookieException\n        elif status in ErrorCode.TIMEOUT:\n            exception_class = TimeoutException\n        elif status in ErrorCode.SCRIPT_TIMEOUT:\n            exception_class = TimeoutException\n        elif status in ErrorCode.UNKNOWN_ERROR:\n            exception_class = WebDriverException\n        elif status in ErrorCode.UNEXPECTED_ALERT_OPEN:\n            exception_class = UnexpectedAlertPresentException\n        elif status in ErrorCode.NO_ALERT_OPEN:\n            exception_class = NoAlertPresentException\n        elif status in ErrorCode.IME_NOT_AVAILABLE:\n            exception_class = ImeNotAvailableException\n        elif status in ErrorCode.IME_ENGINE_ACTIVATION_FAILED:\n            exception_class = ImeActivationFailedException\n        elif status in ErrorCode.MOVE_TARGET_OUT_OF_BOUNDS:\n            exception_class = MoveTargetOutOfBoundsException\n        elif status in ErrorCode.JAVASCRIPT_ERROR:\n            exception_class = JavascriptException\n        elif status in ErrorCode.SESSION_NOT_CREATED:\n            exception_class = SessionNotCreatedException\n        elif status in ErrorCode.INVALID_ARGUMENT:\n            exception_class = InvalidArgumentException\n        elif status in ErrorCode.NO_SUCH_COOKIE:\n            exception_class = NoSuchCookieException\n        elif status in ErrorCode.UNABLE_TO_CAPTURE_SCREEN:\n            exception_class = ScreenshotException\n        elif status in ErrorCode.ELEMENT_CLICK_INTERCEPTED:\n            exception_class = ElementClickInterceptedException\n        elif status in ErrorCode.INSECURE_CERTIFICATE:\n            exception_class = InsecureCertificateException\n        elif status in ErrorCode.INVALID_COORDINATES:\n            exception_class = InvalidCoordinatesException\n        elif status in ErrorCode.INVALID_SESSION_ID:\n            exception_class = InvalidSessionIdException\n        elif status in ErrorCode.UNKNOWN_METHOD:\n            exception_class = UnknownMethodException\n        else:\n            exception_class = WebDriverException\n        if not value:\n            value = response['value']\n        if isinstance(value, str):\n            raise exception_class(value)\n        if message == \"\" and 'message' in value:\n            message = value['message']\n    \n        screen = None  # type: ignore[assignment]\n        if 'screen' in value:\n            screen = value['screen']\n    \n        stacktrace = None\n        st_value = value.get('stackTrace') or value.get('stacktrace')\n        if st_value:\n            if isinstance(st_value, str):\n                stacktrace = st_value.split('\\n')\n            else:\n                stacktrace = []\n                try:\n                    for frame in st_value:\n                        line = self._value_or_default(frame, 'lineNumber', '')\n                        file = self._value_or_default(frame, 'fileName', '<anonymous>')\n                        if line:\n                            file = \"%s:%s\" % (file, line)\n                        meth = self._value_or_default(frame, 'methodName', '<anonymous>')\n                        if 'className' in frame:\n                            meth = \"%s.%s\" % (frame['className'], meth)\n                        msg = \"    at %s (%s)\"\n                        msg = msg % (meth, file)\n                        stacktrace.append(msg)\n                except TypeError:\n                    pass\n        if exception_class == UnexpectedAlertPresentException:\n            alert_text = None\n            if 'data' in value:\n                alert_text = value['data'].get('text')\n            elif 'alert' in value:\n                alert_text = value['alert'].get('text')\n            raise exception_class(message, screen, stacktrace, alert_text)  # type: ignore[call-arg]  # mypy is not smart enough here\n>       raise exception_class(message, screen, stacktrace)\nE       selenium.common.exceptions.NoSuchElementException: Message: no such element: Unable to locate element: {\"method\":\"css selector\",\"selector\":\".content-header\"}\nE         (Session info: chrome=96.0.4664.110)\nE       Stacktrace:\nE       Backtrace:\nE       \tOrdinal0 [0x00396903+2517251]\nE       \tOrdinal0 [0x0032F8E1+2095329]\nE       \tOrdinal0 [0x00232848+1058888]\nE       \tOrdinal0 [0x0025D448+1233992]\nE       \tOrdinal0 [0x0025D63B+1234491]\nE       \tOrdinal0 [0x00287812+1406994]\nE       \tOrdinal0 [0x0027650A+1336586]\nE       \tOrdinal0 [0x00285BBF+1399743]\nE       \tOrdinal0 [0x0027639B+1336219]\nE       \tOrdinal0 [0x002527A7+1189799]\nE       \tOrdinal0 [0x00253609+1193481]\nE       \tGetHandleVerifier [0x00525904+1577972]\nE       \tGetHandleVerifier [0x005D0B97+2279047]\nE       \tGetHandleVerifier [0x00426D09+534521]\nE       \tGetHandleVerifier [0x00425DB9+530601]\nE       \tOrdinal0 [0x00334FF9+2117625]\nE       \tOrdinal0 [0x003398A8+2136232]\nE       \tOrdinal0 [0x003399E2+2136546]\nE       \tOrdinal0 [0x00343541+2176321]\nE       \tBaseThreadInitThunk [0x76D0FA29+25]\nE       \tRtlGetAppContainerNamedObjectPath [0x778A7A9E+286]\nE       \tRtlGetAppContainerNamedObjectPath [0x778A7A6E+238]\n\nc:\\automation\\test_automation\\lib\\site-packages\\selenium\\webdriver\\remote\\errorhandler.py:247: NoSuchElementException\n\nDuring handling of the above exception, another exception occurred:\n\nself = <selenium_automation.lesson11.test_allure.Test_Allure_Report object at 0x000001DC530C7970>\n\n    @allure.title(\"login flow\")\n    @allure.description(\"Test login\")\n    def test_verify_login(self):\n        try:\n            self.step_login()\n            self.verify_login()\n        except Exception as e:\n            self.attach_image()\n>           pytest.fail(\"Test failed, see details: \", e)\nE           Failed: Test failed, see details:\n\ntest_allure.py:32: Failed"}, "description": "Test login", "steps": [{"name": "login action", "status": "passed", "start": 1639575838609, "stop": 1639575840123}, {"name": "verify title", "status": "broken", "statusDetails": {"message": "selenium.common.exceptions.NoSuchElementException: Message: no such element: Unable to locate element: {\"method\":\"css selector\",\"selector\":\".content-header\"}\n  (Session info: chrome=96.0.4664.110)\nStacktrace:\nBacktrace:\n\tOrdinal0 [0x00396903+2517251]\n\tOrdinal0 [0x0032F8E1+2095329]\n\tOrdinal0 [0x00232848+1058888]\n\tOrdinal0 [0x0025D448+1233992]\n\tOrdinal0 [0x0025D63B+1234491]\n\tOrdinal0 [0x00287812+1406994]\n\tOrdinal0 [0x0027650A+1336586]\n\tOrdinal0 [0x00285BBF+1399743]\n\tOrdinal0 [0x0027639B+1336219]\n\tOrdinal0 [0x002527A7+1189799]\n\tOrdinal0 [0x00253609+1193481]\n\tGetHandleVerifier [0x00525904+1577972]\n\tGetHandleVerifier [0x005D0B97+2279047]\n\tGetHandleVerifier [0x00426D09+534521]\n\tGetHandleVerifier [0x00425DB9+530601]\n\tOrdinal0 [0x00334FF9+2117625]\n\tOrdinal0 [0x003398A8+2136232]\n\tOrdinal0 [0x003399E2+2136546]\n\tOrdinal0 [0x00343541+2176321]\n\tBaseThreadInitThunk [0x76D0FA29+25]\n\tRtlGetAppContainerNamedObjectPath [0x778A7A9E+286]\n\tRtlGetAppContainerNamedObjectPath [0x778A7A6E+238]\n\n", "trace": "  File \"c:\\automation\\test_automation\\lib\\site-packages\\allure_commons\\_allure.py\", line 172, in impl\n    return func(*a, **kw)\n  File \"C:\\Users\\dolev\\PycharmProjects\\test_automation\\selenium_automation\\lesson11\\test_allure.py\", line 46, in verify_login\n    assert driver.find_element(By.CLASS_NAME, \"content-header\").is_displayed()\n  File \"c:\\automation\\test_automation\\lib\\site-packages\\selenium\\webdriver\\remote\\webdriver.py\", line 1244, in find_element\n    return self.execute(Command.FIND_ELEMENT, {\n  File \"c:\\automation\\test_automation\\lib\\site-packages\\selenium\\webdriver\\remote\\webdriver.py\", line 424, in execute\n    self.error_handler.check_response(response)\n  File \"c:\\automation\\test_automation\\lib\\site-packages\\selenium\\webdriver\\remote\\errorhandler.py\", line 247, in check_response\n    raise exception_class(message, screen, stacktrace)\n"}, "start": 1639575840124, "stop": 1639575840141}], "attachments": [{"source": "2974fb2c-1b61-4802-aaba-a80d17a7dfad-attachment.png", "type": "image/png"}, {"name": "log", "source": "0b6fe92a-3a85-4748-b9e8-40944d1d968e-attachment.txt", "type": "text/plain"}], "start": 1639575838609, "stop": 1639575840408, "uuid": "5c543e7a-dc6c-4d2a-9bf6-3972a4bb73b9", "historyId": "333ecc0386df49b99660dde5eaaa2243", "testCaseId": "72059bf89bf0b00004b497f05685378e", "fullName": "test_allure.Test_Allure_Report#test_verify_login", "labels": [{"name": "suite", "value": "test_allure"}, {"name": "subSuite", "value": "Test_Allure_Report"}, {"name": "host", "value": "DESKTOP-NDBDT0V"}, {"name": "thread", "value": "1684-MainThread"}, {"name": "framework", "value": "pytest"}, {"name": "language", "value": "cpython3"}, {"name": "package", "value": "test_allure"}]}